<?xml version="1.0" encoding="UTF-8"?>
<robot generator="Robot 5.0.1 (Python 3.10.4 on win32)" generated="20220531 05:19:27.598" rpa="false" schemaversion="3">
<suite id="s1" name="acceptreviewTest" source="C:\Users\Reka\Desktop\robot\Sajat\Test6_acceptReview\acceptreviewTest.robot">
<test id="s1-t1" name="Accept A Pending Review" line="20">
<kw name="Open Browser To URL">
<kw name="Open Browser" library="Selenium2Library">
<arg>http://localhost:5000/#lista</arg>
<arg>browser=chrome</arg>
<doc>Opens a new browser instance to the optional ``url``.</doc>
<msg timestamp="20220531 05:19:27.752" level="INFO">Opening browser 'chrome' to base url 'http://localhost:5000/#lista'.</msg>
<status status="PASS" starttime="20220531 05:19:27.752" endtime="20220531 05:19:28.940"/>
</kw>
<kw name="Maximize Browser Window" library="Selenium2Library">
<doc>Maximizes current browser window.</doc>
<status status="PASS" starttime="20220531 05:19:28.940" endtime="20220531 05:19:29.070"/>
</kw>
<status status="PASS" starttime="20220531 05:19:27.751" endtime="20220531 05:19:29.070"/>
</kw>
<kw name="Log In">
<kw name="Click Element" library="Selenium2Library">
<arg>xpath://*[@id="navbarNav"]/ul/li[2]/a</arg>
<doc>Click the element identified by ``locator``.</doc>
<msg timestamp="20220531 05:19:29.074" level="INFO">Clicking element 'xpath://*[@id="navbarNav"]/ul/li[2]/a'.</msg>
<status status="PASS" starttime="20220531 05:19:29.070" endtime="20220531 05:19:29.158"/>
</kw>
<kw name="Input Text" library="Selenium2Library">
<arg>xpath:/html/body/main/div/div/form/div[1]/input</arg>
<arg>${USERNAME}</arg>
<doc>Types the given ``text`` into the text field identified by ``locator``.</doc>
<msg timestamp="20220531 05:19:29.159" level="INFO">Typing text 'panna' into text field 'xpath:/html/body/main/div/div/form/div[1]/input'.</msg>
<status status="PASS" starttime="20220531 05:19:29.158" endtime="20220531 05:19:29.223"/>
</kw>
<kw name="Input Password" library="Selenium2Library">
<arg>xpath:/html/body/main/div/div/form/div[2]/input</arg>
<arg>${PASSWORD}</arg>
<doc>Types the given password into the text field identified by ``locator``.</doc>
<msg timestamp="20220531 05:19:29.224" level="INFO">Typing password into text field 'xpath:/html/body/main/div/div/form/div[2]/input'.</msg>
<msg timestamp="20220531 05:19:29.251" level="INFO">Temporally setting log level to: NONE</msg>
<msg timestamp="20220531 05:19:29.277" level="INFO">Log level changed from NONE to INFO.</msg>
<status status="PASS" starttime="20220531 05:19:29.224" endtime="20220531 05:19:29.277"/>
</kw>
<kw name="Click Element" library="Selenium2Library">
<arg>xpath:/html/body/main/div/div/form/input</arg>
<doc>Click the element identified by ``locator``.</doc>
<msg timestamp="20220531 05:19:29.278" level="INFO">Clicking element 'xpath:/html/body/main/div/div/form/input'.</msg>
<status status="PASS" starttime="20220531 05:19:29.277" endtime="20220531 05:19:29.444"/>
</kw>
<status status="PASS" starttime="20220531 05:19:29.070" endtime="20220531 05:19:29.444"/>
</kw>
<kw name="Go To Administration">
<kw name="Click Element" library="Selenium2Library">
<arg>xpath://*[@id="navbarNav"]/ul/li[3]/a</arg>
<doc>Click the element identified by ``locator``.</doc>
<msg timestamp="20220531 05:19:29.446" level="INFO">Clicking element 'xpath://*[@id="navbarNav"]/ul/li[3]/a'.</msg>
<status status="PASS" starttime="20220531 05:19:29.444" endtime="20220531 05:19:29.532"/>
</kw>
<status status="PASS" starttime="20220531 05:19:29.444" endtime="20220531 05:19:29.533"/>
</kw>
<kw name="Check DB">
<kw name="Connect To Database" library="DatabaseLibrary">
<arg>pymysql</arg>
<arg>${DBNAME}</arg>
<arg>${DBUSERNAME}</arg>
<arg>${DBPASSWORD}</arg>
<arg>${ADDRESS}</arg>
<arg>${PORT}</arg>
<doc>Loads the DB API 2.0 module given `dbapiModuleName` then uses it to
connect to the database using `dbName`, `dbUsername`, and `dbPassword`.</doc>
<msg timestamp="20220531 05:19:29.559" level="INFO">Connecting using : pymysql.connect(db=Filmek, user=root, passwd=abcd, host=localhost, port=3306, charset=None) </msg>
<status status="PASS" starttime="20220531 05:19:29.534" endtime="20220531 05:19:29.559"/>
</kw>
<kw name="Table Must Exist" library="DatabaseLibrary">
<arg>Reviews</arg>
<doc>Check if the table given exists in the database. Set optional input `sansTran` to True to run command without an
explicit transaction commit or rollback.</doc>
<msg timestamp="20220531 05:19:29.559" level="INFO">Executing : Table Must Exist  |  Reviews </msg>
<msg timestamp="20220531 05:19:29.559" level="INFO">Executing : Row Count  |  SELECT * FROM information_schema.tables WHERE table_name='Reviews' </msg>
<status status="PASS" starttime="20220531 05:19:29.559" endtime="20220531 05:19:29.571"/>
</kw>
<kw name="Disconnect From Database" library="DatabaseLibrary">
<doc>Disconnects from the database.</doc>
<msg timestamp="20220531 05:19:29.571" level="INFO">Executing : Disconnect From Database</msg>
<status status="PASS" starttime="20220531 05:19:29.571" endtime="20220531 05:19:29.571"/>
</kw>
<status status="PASS" starttime="20220531 05:19:29.533" endtime="20220531 05:19:29.572"/>
</kw>
<kw name="Accept Pending Review">
<kw name="Click Element" library="Selenium2Library">
<arg>xpath:(/html/body/main/div/div/div[2]/div)[last()]/div/button[1]</arg>
<doc>Click the element identified by ``locator``.</doc>
<msg timestamp="20220531 05:19:29.573" level="INFO">Clicking element 'xpath:(/html/body/main/div/div/div[2]/div)[last()]/div/button[1]'.</msg>
<msg timestamp="20220531 05:19:30.086" level="INFO" html="true">&lt;/td&gt;&lt;/tr&gt;&lt;tr&gt;&lt;td colspan="3"&gt;&lt;a href="selenium-screenshot-5.png"&gt;&lt;img src="selenium-screenshot-5.png" width="800px"&gt;&lt;/a&gt;</msg>
<msg timestamp="20220531 05:19:30.086" level="FAIL">Element with locator 'xpath:(/html/body/main/div/div/div[2]/div)[last()]/div/button[1]' not found.</msg>
<status status="FAIL" starttime="20220531 05:19:29.572" endtime="20220531 05:19:30.086"/>
</kw>
<status status="FAIL" starttime="20220531 05:19:29.572" endtime="20220531 05:19:30.086"/>
</kw>
<kw name="The Review Should Appear As Accepted">
<status status="NOT RUN" starttime="20220531 05:19:30.091" endtime="20220531 05:19:30.091"/>
</kw>
<kw name="Close Browser" library="Selenium2Library">
<doc>Closes the current browser.</doc>
<status status="NOT RUN" starttime="20220531 05:19:30.092" endtime="20220531 05:19:30.092"/>
</kw>
<status status="FAIL" starttime="20220531 05:19:27.751" endtime="20220531 05:19:30.092">Element with locator 'xpath:(/html/body/main/div/div/div[2]/div)[last()]/div/button[1]' not found.</status>
</test>
<status status="FAIL" starttime="20220531 05:19:27.598" endtime="20220531 05:19:30.093"/>
</suite>
<statistics>
<total>
<stat pass="0" fail="1" skip="0">All Tests</stat>
</total>
<tag>
</tag>
<suite>
<stat pass="0" fail="1" skip="0" id="s1" name="acceptreviewTest">acceptreviewTest</stat>
</suite>
</statistics>
<errors>
</errors>
</robot>
