<?xml version="1.0" encoding="UTF-8"?>
<robot generator="Robot 5.0.1 (Python 3.10.4 on win32)" generated="20220530 21:20:15.940" rpa="false" schemaversion="3">
<suite id="s1" name="registerTest" source="C:\Users\Reka\Desktop\robot\Sajat\Test2_register\registerTest.robot">
<test id="s1-t1" name="Register a user" line="18">
<kw name="Open Browser To URL">
<kw name="Open Browser" library="Selenium2Library">
<arg>http://localhost:5000/#lista</arg>
<arg>browser=chrome</arg>
<doc>Opens a new browser instance to the optional ``url``.</doc>
<msg timestamp="20220530 21:20:16.298" level="INFO">Opening browser 'chrome' to base url 'http://localhost:5000/#lista'.</msg>
<status status="PASS" starttime="20220530 21:20:16.298" endtime="20220530 21:20:17.849"/>
</kw>
<kw name="Maximize Browser Window" library="Selenium2Library">
<doc>Maximizes current browser window.</doc>
<status status="PASS" starttime="20220530 21:20:17.850" endtime="20220530 21:20:17.988"/>
</kw>
<status status="PASS" starttime="20220530 21:20:16.298" endtime="20220530 21:20:17.988"/>
</kw>
<kw name="Register User">
<kw name="Click Element" library="Selenium2Library">
<arg>xpath://*[@id="navbarNav"]/ul/li[3]/a</arg>
<doc>Click the element identified by ``locator``.</doc>
<msg timestamp="20220530 21:20:17.988" level="INFO">Clicking element 'xpath://*[@id="navbarNav"]/ul/li[3]/a'.</msg>
<status status="PASS" starttime="20220530 21:20:17.988" endtime="20220530 21:20:18.151"/>
</kw>
<kw name="Input Text" library="Selenium2Library">
<arg>xpath:/html/body/main/div/div/form/div[1]/input</arg>
<arg>${NAME}</arg>
<doc>Types the given ``text`` into the text field identified by ``locator``.</doc>
<msg timestamp="20220530 21:20:18.151" level="INFO">Typing text 'bela' into text field 'xpath:/html/body/main/div/div/form/div[1]/input'.</msg>
<status status="PASS" starttime="20220530 21:20:18.151" endtime="20220530 21:20:18.283"/>
</kw>
<kw name="Input Text" library="Selenium2Library">
<arg>xpath:/html/body/main/div/div/form/div[2]/input</arg>
<arg>${USERNAME}</arg>
<doc>Types the given ``text`` into the text field identified by ``locator``.</doc>
<msg timestamp="20220530 21:20:18.283" level="INFO">Typing text 'bela' into text field 'xpath:/html/body/main/div/div/form/div[2]/input'.</msg>
<status status="PASS" starttime="20220530 21:20:18.283" endtime="20220530 21:20:18.377"/>
</kw>
<kw name="Input Password" library="Selenium2Library">
<arg>xpath:/html/body/main/div/div/form/div[3]/input</arg>
<arg>${PASSWORD}</arg>
<doc>Types the given password into the text field identified by ``locator``.</doc>
<msg timestamp="20220530 21:20:18.377" level="INFO">Typing password into text field 'xpath:/html/body/main/div/div/form/div[3]/input'.</msg>
<msg timestamp="20220530 21:20:18.434" level="INFO">Temporally setting log level to: NONE</msg>
<msg timestamp="20220530 21:20:18.481" level="INFO">Log level changed from NONE to INFO.</msg>
<status status="PASS" starttime="20220530 21:20:18.377" endtime="20220530 21:20:18.481"/>
</kw>
<kw name="Input Password" library="Selenium2Library">
<arg>xpath:/html/body/main/div/div/form/div[4]/input</arg>
<arg>${PASSWORD}</arg>
<doc>Types the given password into the text field identified by ``locator``.</doc>
<msg timestamp="20220530 21:20:18.481" level="INFO">Typing password into text field 'xpath:/html/body/main/div/div/form/div[4]/input'.</msg>
<msg timestamp="20220530 21:20:18.548" level="INFO">Temporally setting log level to: NONE</msg>
<msg timestamp="20220530 21:20:18.593" level="INFO">Log level changed from NONE to INFO.</msg>
<status status="PASS" starttime="20220530 21:20:18.481" endtime="20220530 21:20:18.593"/>
</kw>
<kw name="Click Element" library="Selenium2Library">
<arg>xpath://*[@id="submit"]</arg>
<doc>Click the element identified by ``locator``.</doc>
<msg timestamp="20220530 21:20:18.593" level="INFO">Clicking element 'xpath://*[@id="submit"]'.</msg>
<status status="PASS" starttime="20220530 21:20:18.593" endtime="20220530 21:20:18.914"/>
</kw>
<status status="PASS" starttime="20220530 21:20:17.988" endtime="20220530 21:20:18.914"/>
</kw>
<kw name="Result Should Be Homepage">
<kw name="Element Should Contain" library="Selenium2Library">
<arg>xpath:/html/body/main/div[1]/div/p[2]</arg>
<arg>${HOMEPAGEINFO}</arg>
<doc>Verifies that element ``locator`` contains text ``expected``.</doc>
<msg timestamp="20220530 21:20:18.954" level="INFO">Element 'xpath:/html/body/main/div[1]/div/p[2]' contains text 'Kellemes időtöltést!'.</msg>
<status status="PASS" starttime="20220530 21:20:18.914" endtime="20220530 21:20:18.954"/>
</kw>
<status status="PASS" starttime="20220530 21:20:18.914" endtime="20220530 21:20:18.954"/>
</kw>
<kw name="Connect To DB">
<kw name="Connect To Database" library="DatabaseLibrary">
<arg>pymysql</arg>
<arg>${DBNAME}</arg>
<arg>${DBUSERNAME}</arg>
<arg>${DBPASSWORD}</arg>
<arg>${ADDRESS}</arg>
<arg>${PORT}</arg>
<doc>Loads the DB API 2.0 module given `dbapiModuleName` then uses it to
connect to the database using `dbName`, `dbUsername`, and `dbPassword`.</doc>
<msg timestamp="20220530 21:20:19.022" level="INFO">Connecting using : pymysql.connect(db=Filmek, user=root, passwd=abcd, host=localhost, port=3306, charset=None) </msg>
<status status="PASS" starttime="20220530 21:20:18.954" endtime="20220530 21:20:19.038"/>
</kw>
<status status="PASS" starttime="20220530 21:20:18.954" endtime="20220530 21:20:19.038"/>
</kw>
<kw name="User Should Be In Database">
<kw name="Table Must Exist" library="DatabaseLibrary">
<arg>Users</arg>
<doc>Check if the table given exists in the database. Set optional input `sansTran` to True to run command without an
explicit transaction commit or rollback.</doc>
<msg timestamp="20220530 21:20:19.038" level="INFO">Executing : Table Must Exist  |  Users </msg>
<msg timestamp="20220530 21:20:19.038" level="INFO">Executing : Row Count  |  SELECT * FROM information_schema.tables WHERE table_name='Users' </msg>
<status status="PASS" starttime="20220530 21:20:19.038" endtime="20220530 21:20:19.042"/>
</kw>
<kw name="Check If Exists In Database" library="DatabaseLibrary">
<arg>select UserID from Users where Username=${USERNAME}</arg>
<doc>Check if any row would be returned by given the input `selectStatement`. If there are no results, then this will
throw an AssertionError. Set optional input `sansTran` to True to run command without an explicit transaction
commit or rollback.</doc>
<msg timestamp="20220530 21:20:19.042" level="INFO">Executing : Check If Exists In Database  |  select UserID from Users where Username=bela </msg>
<msg timestamp="20220530 21:20:19.042" level="INFO">Executing : Query  |  select UserID from Users where Username=bela </msg>
<msg timestamp="20220530 21:20:19.050" level="FAIL">OperationalError: (1054, "Unknown column 'bela' in 'where clause'")</msg>
<status status="FAIL" starttime="20220530 21:20:19.042" endtime="20220530 21:20:19.052"/>
</kw>
<status status="FAIL" starttime="20220530 21:20:19.038" endtime="20220530 21:20:19.052"/>
</kw>
<kw name="Delete User">
<status status="NOT RUN" starttime="20220530 21:20:19.052" endtime="20220530 21:20:19.052"/>
</kw>
<kw name="Disconnect From Database" library="DatabaseLibrary">
<doc>Disconnects from the database.</doc>
<status status="NOT RUN" starttime="20220530 21:20:19.052" endtime="20220530 21:20:19.052"/>
</kw>
<kw name="Close Browser" library="Selenium2Library">
<doc>Closes the current browser.</doc>
<status status="NOT RUN" starttime="20220530 21:20:19.052" endtime="20220530 21:20:19.052"/>
</kw>
<status status="FAIL" starttime="20220530 21:20:16.298" endtime="20220530 21:20:19.052">OperationalError: (1054, "Unknown column 'bela' in 'where clause'")</status>
</test>
<status status="FAIL" starttime="20220530 21:20:15.940" endtime="20220530 21:20:19.061"/>
</suite>
<statistics>
<total>
<stat pass="0" fail="1" skip="0">All Tests</stat>
</total>
<tag>
</tag>
<suite>
<stat pass="0" fail="1" skip="0" id="s1" name="registerTest">registerTest</stat>
</suite>
</statistics>
<errors>
</errors>
</robot>
