<?xml version="1.0" encoding="UTF-8"?>
<robot generator="Robot 5.0.1 (Python 3.10.4 on win32)" generated="20220530 22:43:07.627" rpa="false" schemaversion="3">
<suite id="s1" name="registerTest" source="C:\Users\Reka\Desktop\robot\Sajat\Test2_register\registerTest.robot">
<test id="s1-t1" name="Register a user" line="18">
<kw name="Open Browser To URL">
<kw name="Open Browser" library="SeleniumLibrary">
<arg>http://localhost:5000/#lista</arg>
<arg>browser=chrome</arg>
<doc>Opens a new browser instance to the optional ``url``.</doc>
<msg timestamp="20220530 22:43:07.785" level="INFO">Opening browser 'chrome' to base url 'http://localhost:5000/#lista'.</msg>
<status status="PASS" starttime="20220530 22:43:07.785" endtime="20220530 22:43:08.923"/>
</kw>
<kw name="Maximize Browser Window" library="SeleniumLibrary">
<doc>Maximizes current browser window.</doc>
<status status="PASS" starttime="20220530 22:43:08.924" endtime="20220530 22:43:09.046"/>
</kw>
<status status="PASS" starttime="20220530 22:43:07.784" endtime="20220530 22:43:09.046"/>
</kw>
<kw name="Register User">
<kw name="Click Element" library="SeleniumLibrary">
<arg>xpath://*[@id="navbarNav"]/ul/li[3]/a</arg>
<doc>Click the element identified by ``locator``.</doc>
<msg timestamp="20220530 22:43:09.049" level="INFO">Clicking element 'xpath://*[@id="navbarNav"]/ul/li[3]/a'.</msg>
<status status="PASS" starttime="20220530 22:43:09.046" endtime="20220530 22:43:09.109"/>
</kw>
<kw name="Input Text" library="SeleniumLibrary">
<arg>xpath:/html/body/main/div/div/form/div[1]/input</arg>
<arg>${NAME}</arg>
<doc>Types the given ``text`` into the text field identified by ``locator``.</doc>
<msg timestamp="20220530 22:43:09.109" level="INFO">Typing text 'bela' into text field 'xpath:/html/body/main/div/div/form/div[1]/input'.</msg>
<status status="PASS" starttime="20220530 22:43:09.109" endtime="20220530 22:43:09.206"/>
</kw>
<kw name="Input Text" library="SeleniumLibrary">
<arg>xpath:/html/body/main/div/div/form/div[2]/input</arg>
<arg>${USERNAME}</arg>
<doc>Types the given ``text`` into the text field identified by ``locator``.</doc>
<msg timestamp="20220530 22:43:09.206" level="INFO">Typing text 'bela' into text field 'xpath:/html/body/main/div/div/form/div[2]/input'.</msg>
<status status="PASS" starttime="20220530 22:43:09.206" endtime="20220530 22:43:09.259"/>
</kw>
<kw name="Input Password" library="SeleniumLibrary">
<arg>xpath:/html/body/main/div/div/form/div[3]/input</arg>
<arg>${PASSWORD}</arg>
<doc>Types the given password into the text field identified by ``locator``.</doc>
<msg timestamp="20220530 22:43:09.260" level="INFO">Typing password into text field 'xpath:/html/body/main/div/div/form/div[3]/input'.</msg>
<msg timestamp="20220530 22:43:09.277" level="INFO">Temporally setting log level to: NONE</msg>
<msg timestamp="20220530 22:43:09.294" level="INFO">Log level changed from NONE to INFO.</msg>
<status status="PASS" starttime="20220530 22:43:09.259" endtime="20220530 22:43:09.294"/>
</kw>
<kw name="Input Password" library="SeleniumLibrary">
<arg>xpath:/html/body/main/div/div/form/div[4]/input</arg>
<arg>${PASSWORD}</arg>
<doc>Types the given password into the text field identified by ``locator``.</doc>
<msg timestamp="20220530 22:43:09.306" level="INFO">Typing password into text field 'xpath:/html/body/main/div/div/form/div[4]/input'.</msg>
<msg timestamp="20220530 22:43:09.330" level="INFO">Temporally setting log level to: NONE</msg>
<msg timestamp="20220530 22:43:09.349" level="INFO">Log level changed from NONE to INFO.</msg>
<status status="PASS" starttime="20220530 22:43:09.306" endtime="20220530 22:43:09.349"/>
</kw>
<kw name="Click Element" library="SeleniumLibrary">
<arg>xpath://*[@id="submit"]</arg>
<doc>Click the element identified by ``locator``.</doc>
<msg timestamp="20220530 22:43:09.349" level="INFO">Clicking element 'xpath://*[@id="submit"]'.</msg>
<status status="PASS" starttime="20220530 22:43:09.349" endtime="20220530 22:43:09.473"/>
</kw>
<status status="PASS" starttime="20220530 22:43:09.046" endtime="20220530 22:43:09.474"/>
</kw>
<kw name="Result Should Be Homepage">
<kw name="Element Should Contain" library="SeleniumLibrary">
<arg>xpath:/html/body/main/div[1]/div/p[2]</arg>
<arg>${HOMEPAGEINFO}</arg>
<doc>Verifies that element ``locator`` contains text ``expected``.</doc>
<msg timestamp="20220530 22:43:09.498" level="INFO">Element 'xpath:/html/body/main/div[1]/div/p[2]' contains text 'Kellemes időtöltést!'.</msg>
<status status="PASS" starttime="20220530 22:43:09.475" endtime="20220530 22:43:09.498"/>
</kw>
<status status="PASS" starttime="20220530 22:43:09.474" endtime="20220530 22:43:09.498"/>
</kw>
<kw name="Connect To DB">
<kw name="Connect To Database" library="DatabaseLibrary">
<arg>pymysql</arg>
<arg>${DBNAME}</arg>
<arg>${DBUSERNAME}</arg>
<arg>${DBPASSWORD}</arg>
<arg>${ADDRESS}</arg>
<arg>${PORT}</arg>
<doc>Loads the DB API 2.0 module given `dbapiModuleName` then uses it to
connect to the database using `dbName`, `dbUsername`, and `dbPassword`.</doc>
<msg timestamp="20220530 22:43:09.512" level="INFO">Connecting using : pymysql.connect(db=Filmek, user=root, passwd=abcd, host=localhost, port=3306, charset=None) </msg>
<status status="PASS" starttime="20220530 22:43:09.499" endtime="20220530 22:43:09.512"/>
</kw>
<status status="PASS" starttime="20220530 22:43:09.498" endtime="20220530 22:43:09.512"/>
</kw>
<kw name="User Should Be In Database">
<kw name="Table Must Exist" library="DatabaseLibrary">
<arg>Users</arg>
<doc>Check if the table given exists in the database. Set optional input `sansTran` to True to run command without an
explicit transaction commit or rollback.</doc>
<msg timestamp="20220530 22:43:09.512" level="INFO">Executing : Table Must Exist  |  Users </msg>
<msg timestamp="20220530 22:43:09.512" level="INFO">Executing : Row Count  |  SELECT * FROM information_schema.tables WHERE table_name='Users' </msg>
<status status="PASS" starttime="20220530 22:43:09.512" endtime="20220530 22:43:09.531"/>
</kw>
<kw name="Check If Exists In Database" library="DatabaseLibrary">
<arg>select UserID from Users where Username='bela'</arg>
<doc>Check if any row would be returned by given the input `selectStatement`. If there are no results, then this will
throw an AssertionError. Set optional input `sansTran` to True to run command without an explicit transaction
commit or rollback.</doc>
<msg timestamp="20220530 22:43:09.531" level="INFO">Executing : Check If Exists In Database  |  select UserID from Users where Username='bela' </msg>
<msg timestamp="20220530 22:43:09.531" level="INFO">Executing : Query  |  select UserID from Users where Username='bela' </msg>
<status status="PASS" starttime="20220530 22:43:09.531" endtime="20220530 22:43:09.531"/>
</kw>
<status status="PASS" starttime="20220530 22:43:09.512" endtime="20220530 22:43:09.531"/>
</kw>
<kw name="Delete User">
<kw name="Execute Sql String" library="DatabaseLibrary">
<arg>delete from Users where Username = 'bela'</arg>
<doc>Executes the sqlString as SQL commands. Useful to pass arguments to your sql. Set optional input `sansTran` to
True to run command without an explicit transaction commit or rollback.</doc>
<msg timestamp="20220530 22:43:09.531" level="INFO">Executing : Execute SQL String  |  delete from Users where Username = 'bela' </msg>
<status status="PASS" starttime="20220530 22:43:09.531" endtime="20220530 22:43:09.531"/>
</kw>
<status status="PASS" starttime="20220530 22:43:09.531" endtime="20220530 22:43:09.531"/>
</kw>
<kw name="Disconnect From Database" library="DatabaseLibrary">
<doc>Disconnects from the database.</doc>
<msg timestamp="20220530 22:43:09.531" level="INFO">Executing : Disconnect From Database</msg>
<status status="PASS" starttime="20220530 22:43:09.531" endtime="20220530 22:43:09.531"/>
</kw>
<kw name="Close Browser" library="SeleniumLibrary">
<doc>Closes the current browser.</doc>
<status status="PASS" starttime="20220530 22:43:09.531" endtime="20220530 22:43:11.597"/>
</kw>
<status status="PASS" starttime="20220530 22:43:07.784" endtime="20220530 22:43:11.597"/>
</test>
<status status="PASS" starttime="20220530 22:43:07.627" endtime="20220530 22:43:11.599"/>
</suite>
<statistics>
<total>
<stat pass="1" fail="0" skip="0">All Tests</stat>
</total>
<tag>
</tag>
<suite>
<stat pass="1" fail="0" skip="0" id="s1" name="registerTest">registerTest</stat>
</suite>
</statistics>
<errors>
</errors>
</robot>
