<?xml version="1.0" encoding="UTF-8"?>
<robot generator="Robot 5.0.1 (Python 3.10.4 on win32)" generated="20220530 22:37:23.636" rpa="false" schemaversion="3">
<suite id="s1" name="registerTest" source="C:\Users\Reka\Desktop\robot\Sajat\Test2_register\registerTest.robot">
<test id="s1-t1" name="Register a user" line="18">
<kw name="Open Browser To URL">
<kw name="Open Browser" library="Selenium2Library">
<arg>http://localhost:5000/#lista</arg>
<arg>browser=chrome</arg>
<doc>Opens a new browser instance to the optional ``url``.</doc>
<msg timestamp="20220530 22:37:23.824" level="INFO">Opening browser 'chrome' to base url 'http://localhost:5000/#lista'.</msg>
<status status="PASS" starttime="20220530 22:37:23.824" endtime="20220530 22:37:24.970"/>
</kw>
<kw name="Maximize Browser Window" library="Selenium2Library">
<doc>Maximizes current browser window.</doc>
<status status="PASS" starttime="20220530 22:37:24.970" endtime="20220530 22:37:25.088"/>
</kw>
<status status="PASS" starttime="20220530 22:37:23.824" endtime="20220530 22:37:25.088"/>
</kw>
<kw name="Register User">
<kw name="Click Element" library="Selenium2Library">
<arg>xpath://*[@id="navbarNav"]/ul/li[3]/a</arg>
<doc>Click the element identified by ``locator``.</doc>
<msg timestamp="20220530 22:37:25.091" level="INFO">Clicking element 'xpath://*[@id="navbarNav"]/ul/li[3]/a'.</msg>
<status status="PASS" starttime="20220530 22:37:25.088" endtime="20220530 22:37:25.150"/>
</kw>
<kw name="Input Text" library="Selenium2Library">
<arg>xpath:/html/body/main/div/div/form/div[1]/input</arg>
<arg>${NAME}</arg>
<doc>Types the given ``text`` into the text field identified by ``locator``.</doc>
<msg timestamp="20220530 22:37:25.151" level="INFO">Typing text 'bela' into text field 'xpath:/html/body/main/div/div/form/div[1]/input'.</msg>
<status status="PASS" starttime="20220530 22:37:25.150" endtime="20220530 22:37:25.234"/>
</kw>
<kw name="Input Text" library="Selenium2Library">
<arg>xpath:/html/body/main/div/div/form/div[2]/input</arg>
<arg>${USERNAME}</arg>
<doc>Types the given ``text`` into the text field identified by ``locator``.</doc>
<msg timestamp="20220530 22:37:25.234" level="INFO">Typing text 'bela' into text field 'xpath:/html/body/main/div/div/form/div[2]/input'.</msg>
<status status="PASS" starttime="20220530 22:37:25.234" endtime="20220530 22:37:25.276"/>
</kw>
<kw name="Input Password" library="Selenium2Library">
<arg>xpath:/html/body/main/div/div/form/div[3]/input</arg>
<arg>${PASSWORD}</arg>
<doc>Types the given password into the text field identified by ``locator``.</doc>
<msg timestamp="20220530 22:37:25.276" level="INFO">Typing password into text field 'xpath:/html/body/main/div/div/form/div[3]/input'.</msg>
<msg timestamp="20220530 22:37:25.309" level="INFO">Temporally setting log level to: NONE</msg>
<msg timestamp="20220530 22:37:25.332" level="INFO">Log level changed from NONE to INFO.</msg>
<status status="PASS" starttime="20220530 22:37:25.276" endtime="20220530 22:37:25.332"/>
</kw>
<kw name="Input Password" library="Selenium2Library">
<arg>xpath:/html/body/main/div/div/form/div[4]/input</arg>
<arg>${PASSWORD}</arg>
<doc>Types the given password into the text field identified by ``locator``.</doc>
<msg timestamp="20220530 22:37:25.332" level="INFO">Typing password into text field 'xpath:/html/body/main/div/div/form/div[4]/input'.</msg>
<msg timestamp="20220530 22:37:25.353" level="INFO">Temporally setting log level to: NONE</msg>
<msg timestamp="20220530 22:37:25.371" level="INFO">Log level changed from NONE to INFO.</msg>
<status status="PASS" starttime="20220530 22:37:25.332" endtime="20220530 22:37:25.372"/>
</kw>
<kw name="Click Element" library="Selenium2Library">
<arg>xpath://*[@id="submit"]</arg>
<doc>Click the element identified by ``locator``.</doc>
<msg timestamp="20220530 22:37:25.372" level="INFO">Clicking element 'xpath://*[@id="submit"]'.</msg>
<status status="PASS" starttime="20220530 22:37:25.372" endtime="20220530 22:37:25.488"/>
</kw>
<status status="PASS" starttime="20220530 22:37:25.088" endtime="20220530 22:37:25.488"/>
</kw>
<kw name="Result Should Be Homepage">
<kw name="Element Should Contain" library="Selenium2Library">
<arg>xpath:/html/body/main/div[1]/div/p[2]</arg>
<arg>${HOMEPAGEINFO}</arg>
<doc>Verifies that element ``locator`` contains text ``expected``.</doc>
<msg timestamp="20220530 22:37:25.513" level="INFO">Element 'xpath:/html/body/main/div[1]/div/p[2]' contains text 'Kellemes időtöltést!'.</msg>
<status status="PASS" starttime="20220530 22:37:25.489" endtime="20220530 22:37:25.513"/>
</kw>
<status status="PASS" starttime="20220530 22:37:25.488" endtime="20220530 22:37:25.513"/>
</kw>
<kw name="Connect To DB">
<kw name="Connect To Database" library="DatabaseLibrary">
<arg>pymysql</arg>
<arg>${DBNAME}</arg>
<arg>${DBUSERNAME}</arg>
<arg>${DBPASSWORD}</arg>
<arg>${ADDRESS}</arg>
<arg>${PORT}</arg>
<doc>Loads the DB API 2.0 module given `dbapiModuleName` then uses it to
connect to the database using `dbName`, `dbUsername`, and `dbPassword`.</doc>
<msg timestamp="20220530 22:37:25.700" level="INFO">Connecting using : pymysql.connect(db=Filmek, user=root, passwd=abcd, host=localhost, port=3306, charset=None) </msg>
<status status="PASS" starttime="20220530 22:37:25.514" endtime="20220530 22:37:25.716"/>
</kw>
<status status="PASS" starttime="20220530 22:37:25.513" endtime="20220530 22:37:25.716"/>
</kw>
<kw name="User Should Be In Database">
<kw name="Table Must Exist" library="DatabaseLibrary">
<arg>Users</arg>
<doc>Check if the table given exists in the database. Set optional input `sansTran` to True to run command without an
explicit transaction commit or rollback.</doc>
<msg timestamp="20220530 22:37:25.718" level="INFO">Executing : Table Must Exist  |  Users </msg>
<msg timestamp="20220530 22:37:25.718" level="INFO">Executing : Row Count  |  SELECT * FROM information_schema.tables WHERE table_name='Users' </msg>
<status status="PASS" starttime="20220530 22:37:25.718" endtime="20220530 22:37:25.720"/>
</kw>
<kw name="Check If Exists In Database" library="DatabaseLibrary">
<arg>select UserID from Users where Username='bela'</arg>
<doc>Check if any row would be returned by given the input `selectStatement`. If there are no results, then this will
throw an AssertionError. Set optional input `sansTran` to True to run command without an explicit transaction
commit or rollback.</doc>
<msg timestamp="20220530 22:37:25.720" level="INFO">Executing : Check If Exists In Database  |  select UserID from Users where Username='bela' </msg>
<msg timestamp="20220530 22:37:25.720" level="INFO">Executing : Query  |  select UserID from Users where Username='bela' </msg>
<status status="PASS" starttime="20220530 22:37:25.720" endtime="20220530 22:37:25.720"/>
</kw>
<status status="PASS" starttime="20220530 22:37:25.716" endtime="20220530 22:37:25.720"/>
</kw>
<kw name="Delete User">
<kw name="Execute Sql String" library="DatabaseLibrary">
<arg>delete from Users where Username = 'bela'</arg>
<doc>Executes the sqlString as SQL commands. Useful to pass arguments to your sql. Set optional input `sansTran` to
True to run command without an explicit transaction commit or rollback.</doc>
<msg timestamp="20220530 22:37:25.720" level="INFO">Executing : Execute SQL String  |  delete from Users where Username = 'bela' </msg>
<status status="PASS" starttime="20220530 22:37:25.720" endtime="20220530 22:37:25.720"/>
</kw>
<status status="PASS" starttime="20220530 22:37:25.720" endtime="20220530 22:37:25.720"/>
</kw>
<kw name="Disconnect From Database" library="DatabaseLibrary">
<doc>Disconnects from the database.</doc>
<msg timestamp="20220530 22:37:25.720" level="INFO">Executing : Disconnect From Database</msg>
<status status="PASS" starttime="20220530 22:37:25.720" endtime="20220530 22:37:25.720"/>
</kw>
<kw name="Close Browser" library="Selenium2Library">
<doc>Closes the current browser.</doc>
<status status="PASS" starttime="20220530 22:37:25.720" endtime="20220530 22:37:27.787"/>
</kw>
<status status="PASS" starttime="20220530 22:37:23.824" endtime="20220530 22:37:27.787"/>
</test>
<status status="PASS" starttime="20220530 22:37:23.636" endtime="20220530 22:37:27.789"/>
</suite>
<statistics>
<total>
<stat pass="1" fail="0" skip="0">All Tests</stat>
</total>
<tag>
</tag>
<suite>
<stat pass="1" fail="0" skip="0" id="s1" name="registerTest">registerTest</stat>
</suite>
</statistics>
<errors>
</errors>
</robot>
